<?xml version="1.0" encoding="UTF-8"?>
<!-- Generated by org.testng.reporters.JUnitReportReporter -->
<testsuite hostname="DESKTOP-M8RIVEK" failures="0" tests="1" name="myTest.DataBaseConnection" time="0.988" errors="0" timestamp="19 Feb 2019 04:13:00 GMT" skipped="0">
  <testcase classname="myTest.DataBaseConnection" name="f" time="0.988"/>
</testsuite> <!-- myTest.DataBaseConnection -->
