<?xml version="1.0" encoding="UTF-8"?>
<!-- Generated by org.testng.reporters.JUnitReportReporter -->
<testsuite hostname="DESKTOP-M8RIVEK" failures="0" tests="1" name="myTest.DmmyTeast" time="0.775" errors="0" timestamp="08 Feb 2019 16:46:41 GMT" skipped="0">
  <testcase classname="myTest.DmmyTeast" name="f" time="0.775"/>
</testsuite> <!-- myTest.DmmyTeast -->
