<?xml version="1.0" encoding="UTF-8"?>
<!-- Generated by org.testng.reporters.JUnitReportReporter -->
<testsuite hostname="DESKTOP-M8RIVEK" failures="0" tests="1" name="myTest.ReverseString" time="0.023" errors="0" timestamp="19 Feb 2019 08:57:45 GMT" skipped="0">
  <testcase classname="myTest.ReverseString" name="f" time="0.023"/>
</testsuite> <!-- myTest.ReverseString -->
